[    0.000000] Initializing cgroup subsys cpuset
[    0.000000] Initializing cgroup subsys cpu
[    0.000000] Initializing cgroup subsys cpuacct
[    0.000000] Linux version 4.4.0-157-generic (buildd@lgw01-amd64-037) (gcc version 5.4.0 20160609 (Ubuntu 5.4.0-6ubuntu1~16.04.10) ) #185-Ubuntu SMP Tue Jul 23 09:17:01 UTC 2019 (Ubuntu 4.4.0-157.185-generic 4.4.181)
[    0.000000] Command line: BOOT_IMAGE=/boot/vmlinuz-4.4.0-157-generic root=LABEL=cloudimg-rootfs ro console=tty1 console=ttyS0
[    0.000000] KERNEL supported cpus:
[    0.000000]   Intel GenuineIntel
[    0.000000]   AMD AuthenticAMD
[    0.000000]   Centaur CentaurHauls
[    0.000000] x86/fpu: xstate_offset[2]:  576, xstate_sizes[2]:  256
[    0.000000] x86/fpu: Supporting XSAVE feature 0x01: 'x87 floating point registers'
[    0.000000] x86/fpu: Supporting XSAVE feature 0x02: 'SSE registers'
[    0.000000] x86/fpu: Supporting XSAVE feature 0x04: 'AVX registers'
[    0.000000] x86/fpu: Enabled xstate features 0x7, context size is 832 bytes, using 'standard' format.
[    0.000000] e820: BIOS-provided physical RAM map:
[    0.000000] BIOS-e820: [mem 0x0000000000000000-0x000000000009fbff] usable
[    0.000000] BIOS-e820: [mem 0x000000000009fc00-0x000000000009ffff] reserved
[    0.000000] BIOS-e820: [mem 0x00000000000f0000-0x00000000000fffff] reserved
[    0.000000] BIOS-e820: [mem 0x0000000000100000-0x000000003ffeffff] usable
[    0.000000] BIOS-e820: [mem 0x000000003fff0000-0x000000003fffffff] ACPI data
[    0.000000] BIOS-e820: [mem 0x00000000fec00000-0x00000000fec00fff] reserved
[    0.000000] BIOS-e820: [mem 0x00000000fee00000-0x00000000fee00fff] reserved
[    0.000000] BIOS-e820: [mem 0x00000000fffc0000-0x00000000ffffffff] reserved
[    0.000000] NX (Execute Disable) protection: active
[    0.000000] SMBIOS 2.5 present.
[    0.000000] Hypervisor detected: KVM
[    0.000000] e820: last_pfn = 0x3fff0 max_arch_pfn = 0x400000000
[    0.000000] MTRR: Disabled
[    0.000000] x86/PAT: MTRRs disabled, skipping PAT initialization too.
[    0.000000] CPU MTRRs all blank - virtualized system.
[    0.000000] x86/PAT: Configuration [0-7]: WB  WT  UC- UC  WB  WT  UC- UC  
[    0.000000] found SMP MP-table at [mem 0x0009fff0-0x0009ffff] mapped at [ffff88000009fff0]
[    0.000000] Scanning 1 areas for low memory corruption
[    0.000000] RAMDISK: [mem 0x362fc000-0x37175fff]
[    0.000000] ACPI: Early table checksum verification disabled
[    0.000000] ACPI: RSDP 0x00000000000E0000 000024 (v02 VBOX  )
[    0.000000] ACPI: XSDT 0x000000003FFF0030 00003C (v01 VBOX   VBOXXSDT 00000001 ASL  00000061)
[    0.000000] ACPI: FACP 0x000000003FFF00F0 0000F4 (v04 VBOX   VBOXFACP 00000001 ASL  00000061)
[    0.000000] ACPI: DSDT 0x000000003FFF0470 0022EA (v02 VBOX   VBOXBIOS 00000002 INTL 20100528)
[    0.000000] ACPI: FACS 0x000000003FFF0200 000040
[    0.000000] ACPI: FACS 0x000000003FFF0200 000040
[    0.000000] ACPI: APIC 0x000000003FFF0240 00005C (v02 VBOX   VBOXAPIC 00000001 ASL  00000061)
[    0.000000] ACPI: SSDT 0x000000003FFF02A0 0001CC (v01 VBOX   VBOXCPUT 00000002 INTL 20100528)
[    0.000000] No NUMA configuration found
[    0.000000] Faking a node at [mem 0x0000000000000000-0x000000003ffeffff]
[    0.000000] NODE_DATA(0) allocated [mem 0x3ffeb000-0x3ffeffff]
[    0.000000] kvm-clock: Using msrs 4b564d01 and 4b564d00
[    0.000000] kvm-clock: cpu 0, msr 0:3ffe3001, primary cpu clock
[    0.000000] kvm-clock: using sched offset of 3555316328 cycles
[    0.000000] clocksource: kvm-clock: mask: 0xffffffffffffffff max_cycles: 0x1cd42e4dffb, max_idle_ns: 881590591483 ns
[    0.000000] Zone ranges:
[    0.000000]   DMA      [mem 0x0000000000001000-0x0000000000ffffff]
[    0.000000]   DMA32    [mem 0x0000000001000000-0x000000003ffeffff]
[    0.000000]   Normal   empty
[    0.000000]   Device   empty
[    0.000000] Movable zone start for each node
[    0.000000] Early memory node ranges
[    0.000000]   node   0: [mem 0x0000000000001000-0x000000000009efff]
[    0.000000]   node   0: [mem 0x0000000000100000-0x000000003ffeffff]
[    0.000000] Initmem setup node 0 [mem 0x0000000000001000-0x000000003ffeffff]
[    0.000000] ACPI: PM-Timer IO Port: 0x4008
[    0.000000] IOAPIC[0]: apic_id 2, version 32, address 0xfec00000, GSI 0-23
[    0.000000] ACPI: INT_SRC_OVR (bus 0 bus_irq 0 global_irq 2 dfl dfl)
[    0.000000] ACPI: INT_SRC_OVR (bus 0 bus_irq 9 global_irq 9 low level)
[    0.000000] Using ACPI (MADT) for SMP configuration information
[    0.000000] smpboot: Allowing 2 CPUs, 0 hotplug CPUs
[    0.000000] PM: Registered nosave memory: [mem 0x00000000-0x00000fff]
[    0.000000] PM: Registered nosave memory: [mem 0x0009f000-0x0009ffff]
[    0.000000] PM: Registered nosave memory: [mem 0x000a0000-0x000effff]
[    0.000000] PM: Registered nosave memory: [mem 0x000f0000-0x000fffff]
[    0.000000] e820: [mem 0x40000000-0xfebfffff] available for PCI devices
[    0.000000] Booting paravirtualized kernel on KVM
[    0.000000] clocksource: refined-jiffies: mask: 0xffffffff max_cycles: 0xffffffff, max_idle_ns: 7645519600211568 ns
[    0.000000] setup_percpu: NR_CPUS:512 nr_cpumask_bits:512 nr_cpu_ids:2 nr_node_ids:1
[    0.000000] PERCPU: Embedded 34 pages/cpu @ffff88003fc00000 s99544 r8192 d31528 u1048576
[    0.000000] Built 1 zonelists in Node order, mobility grouping on.  Total pages: 257912
[    0.000000] Policy zone: DMA32
[    0.000000] Kernel command line: BOOT_IMAGE=/boot/vmlinuz-4.4.0-157-generic root=LABEL=cloudimg-rootfs ro console=tty1 console=ttyS0
[    0.000000] PID hash table entries: 4096 (order: 3, 32768 bytes)
[    0.000000] Memory: 997736K/1048120K available (8618K kernel code, 1335K rwdata, 4032K rodata, 1484K init, 1284K bss, 50384K reserved, 0K cma-reserved)
[    0.000000] SLUB: HWalign=64, Order=0-3, MinObjects=0, CPUs=2, Nodes=1
[    0.000000] Kernel/User page tables isolation: enabled
[    0.000000] Hierarchical RCU implementation.
[    0.000000] 	Build-time adjustment of leaf fanout to 64.
[    0.000000] 	RCU restricting CPUs from NR_CPUS=512 to nr_cpu_ids=2.
[    0.000000] RCU: Adjusting geometry for rcu_fanout_leaf=64, nr_cpu_ids=2
[    0.000000] NR_IRQS:33024 nr_irqs:440 16
[    0.000000] Console: colour VGA+ 80x25
[    0.000000] console [tty1] enabled
[    0.000000] console [ttyS0] enabled
[    0.000000] tsc: Detected 2711.994 MHz processor
[    0.204429] Calibrating delay loop (skipped) preset value.. 5423.98 BogoMIPS (lpj=10847976)
[    0.209464] pid_max: default: 32768 minimum: 301
[    0.211004] ACPI: Core revision 20150930
[    0.214834] ACPI: 2 ACPI AML tables successfully acquired and loaded
[    0.217139] Security Framework initialized
[    0.218850] Yama: becoming mindful.
[    0.220434] AppArmor: AppArmor initialized
[    0.222370] Dentry cache hash table entries: 131072 (order: 8, 1048576 bytes)
[    0.227268] Inode-cache hash table entries: 65536 (order: 7, 524288 bytes)
[    0.230067] Mount-cache hash table entries: 2048 (order: 2, 16384 bytes)
[    0.231921] Mountpoint-cache hash table entries: 2048 (order: 2, 16384 bytes)
[    0.234877] Initializing cgroup subsys io
[    0.236706] Initializing cgroup subsys memory
[    0.238794] Initializing cgroup subsys devices
[    0.240378] Initializing cgroup subsys freezer
[    0.241924] Initializing cgroup subsys net_cls
[    0.243522] Initializing cgroup subsys perf_event
[    0.245224] Initializing cgroup subsys net_prio
[    0.246833] Initializing cgroup subsys hugetlb
[    0.248426] Initializing cgroup subsys pids
[    0.251281] mce: CPU supports 0 MCE banks
[    0.252988] Last level iTLB entries: 4KB 64, 2MB 8, 4MB 8
[    0.254719] Last level dTLB entries: 4KB 64, 2MB 0, 4MB 0, 1GB 4
[    0.256984] Spectre V2 : Mitigation: Full generic retpoline
[    0.259007] Spectre V2 : Spectre v2 / SpectreRSB mitigation: Filling RSB on context switch
[    0.262431] Speculative Store Bypass: Vulnerable
[    0.264273] MDS: Vulnerable: Clear CPU buffers attempted, no microcode
[    0.271271] Freeing SMP alternatives memory: 36K
[    0.282375] ftrace: allocating 32312 entries in 127 pages
[    0.368486] smpboot: APIC(0) Converting physical 0 to logical package 0
[    0.370163] smpboot: Max logical packages: 1
[    0.371670] x2apic enabled
[    0.372849] Switched APIC routing to physical x2apic.
[    0.376394] ..TIMER: vector=0x30 apic1=0 pin1=2 apic2=-1 pin2=-1
[    0.483255] smpboot: CPU0: Intel(R) Core(TM) i5-7200U CPU @ 2.50GHz (family: 0x6, model: 0x8e, stepping: 0x9)
[    0.485828] Performance Events: unsupported p6 CPU model 142 no PMU driver, software events only.
[    0.499500] KVM setup paravirtual spinlock
[    0.501429] x86: Booting SMP configuration:
[    0.502539] .... node  #0, CPUs:      #1
[    0.503678] kvm-clock: cpu 1, msr 0:3ffe3041, secondary cpu clock
[    0.506501] mce: CPU supports 0 MCE banks
[    0.509131] x86: Booted up 1 node, 2 CPUs
[    0.510689] smpboot: Total of 2 processors activated (10847.97 BogoMIPS)
[    0.512944] devtmpfs: initialized
[    0.517059] evm: security.selinux
[    0.518322] evm: security.SMACK64
[    0.519949] evm: security.SMACK64EXEC
[    0.521323] evm: security.SMACK64TRANSMUTE
[    0.522726] evm: security.SMACK64MMAP
[    0.524173] evm: security.ima
[    0.525532] evm: security.capability
[    0.527431] clocksource: jiffies: mask: 0xffffffff max_cycles: 0xffffffff, max_idle_ns: 7645041785100000 ns
[    0.530358] futex hash table entries: 512 (order: 3, 32768 bytes)
[    0.532718] pinctrl core: initialized pinctrl subsystem
[    0.534316] RTC time: 10:26:42, date: 07/30/19
[    0.536005] NET: Registered protocol family 16
[    0.548824] cpuidle: using governor ladder
[    0.561522] cpuidle: using governor menu
[    0.563093] PCCT header not found.
[    0.564917] ACPI: bus type PCI registered
[    0.566259] acpiphp: ACPI Hot Plug PCI Controller Driver version: 0.5
[    0.568533] PCI: Using configuration type 1 for base access
[    0.585971] ACPI: Added _OSI(Module Device)
[    0.587609] ACPI: Added _OSI(Processor Device)
[    0.589918] ACPI: Added _OSI(3.0 _SCP Extensions)
[    0.591700] ACPI: Added _OSI(Processor Aggregator Device)
[    0.593768] ACPI: Executed 1 blocks of module-level executable AML code
[    0.598490] ACPI: Interpreter enabled
[    0.599910] ACPI: (supports S0 S5)
[    0.600951] ACPI: Using IOAPIC for interrupt routing
[    0.602536] PCI: Using host bridge windows from ACPI; if necessary, use "pci=nocrs" and report a bug
[    0.609271] ACPI: PCI Root Bridge [PCI0] (domain 0000 [bus 00-ff])
[    0.610914] acpi PNP0A03:00: _OSC: OS supports [ASPM ClockPM Segments MSI]
[    0.613028] acpi PNP0A03:00: _OSC: not requesting OS control; OS requires [ExtendedConfig ASPM ClockPM MSI]
[    0.616361] acpi PNP0A03:00: fail to add MMCONFIG information, can't access extended PCI configuration space under this bridge.
[    0.619692] PCI host bridge to bus 0000:00
[    0.621345] pci_bus 0000:00: root bus resource [io  0x0000-0x0cf7 window]
[    0.624511] pci_bus 0000:00: root bus resource [io  0x0d00-0xffff window]
[    0.626780] pci_bus 0000:00: root bus resource [mem 0x000a0000-0x000bffff window]
[    0.629053] pci_bus 0000:00: root bus resource [mem 0x40000000-0xfdffffff window]
[    0.631815] pci_bus 0000:00: root bus resource [bus 00-ff]
[    0.635807] pci 0000:00:01.1: legacy IDE quirk: reg 0x10: [io  0x01f0-0x01f7]
[    0.637736] pci 0000:00:01.1: legacy IDE quirk: reg 0x14: [io  0x03f6]
[    0.639255] pci 0000:00:01.1: legacy IDE quirk: reg 0x18: [io  0x0170-0x0177]
[    0.640959] pci 0000:00:01.1: legacy IDE quirk: reg 0x1c: [io  0x0376]
[    0.665355] pci 0000:00:07.0: quirk: [io  0x4000-0x403f] claimed by PIIX4 ACPI
[    0.683201] pci 0000:00:07.0: quirk: [io  0x4100-0x410f] claimed by PIIX4 SMB
[    0.701718] ACPI: PCI Interrupt Link [LNKA] (IRQs 5 9 10 *11)
[    0.704155] ACPI: PCI Interrupt Link [LNKB] (IRQs 5 9 *10 11)
[    0.706339] ACPI: PCI Interrupt Link [LNKC] (IRQs 5 *9 10 11)
[    0.708524] ACPI: PCI Interrupt Link [LNKD] (IRQs 5 9 10 *11)
[    0.711054] ACPI: Enabled 2 GPEs in block 00 to 07
[    0.713352] vgaarb: setting as boot device: PCI:0000:00:02.0
[    0.714715] vgaarb: device added: PCI:0000:00:02.0,decodes=io+mem,owns=io+mem,locks=none
[    0.717369] vgaarb: loaded
[    0.718312] vgaarb: bridge control possible 0000:00:02.0
[    0.719947] SCSI subsystem initialized
[    0.721183] ACPI: bus type USB registered
[    0.722525] usbcore: registered new interface driver usbfs
[    0.723998] usbcore: registered new interface driver hub
[    0.725857] usbcore: registered new device driver usb
[    0.728387] PCI: Using ACPI for IRQ routing
[    0.730605] NetLabel: Initializing
[    0.731591] NetLabel:  domain hash size = 128
[    0.732763] NetLabel:  protocols = UNLABELED CIPSOv4
[    0.736622] NetLabel:  unlabeled traffic allowed by default
[    0.738418] amd_nb: Cannot enumerate AMD northbridges
[    0.739923] clocksource: Switched to clocksource kvm-clock
[    0.751943] AppArmor: AppArmor Filesystem Enabled
[    0.753357] pnp: PnP ACPI init
[    0.755308] pnp: PnP ACPI: found 3 devices
[    0.766446] clocksource: acpi_pm: mask: 0xffffff max_cycles: 0xffffff, max_idle_ns: 2085701024 ns
[    0.769504] NET: Registered protocol family 2
[    0.770854] TCP established hash table entries: 8192 (order: 4, 65536 bytes)
[    0.772771] TCP bind hash table entries: 8192 (order: 5, 131072 bytes)
[    0.774350] TCP: Hash tables configured (established 8192 bind 8192)
[    0.775914] UDP hash table entries: 512 (order: 2, 16384 bytes)
[    0.777614] UDP-Lite hash table entries: 512 (order: 2, 16384 bytes)
[    0.779733] NET: Registered protocol family 1
[    0.781094] pci 0000:00:00.0: Limiting direct PCI/PCI transfers
[    0.782683] pci 0000:00:01.0: Activating ISA DMA hang workarounds
[    0.784531] Unpacking initramfs...
[    1.071307] Freeing initrd memory: 14824K
[    1.072486] clocksource: tsc: mask: 0xffffffffffffffff max_cycles: 0x27178096781, max_idle_ns: 440795249729 ns
[    1.075114] platform rtc_cmos: registered platform RTC device (no PNP device found)
[    1.077233] Scanning for low memory corruption every 60 seconds
[    1.079454] audit: initializing netlink subsys (disabled)
[    1.080868] audit: type=2000 audit(1564482406.871:1): initialized
[    1.082556] Initialise system trusted keyring
[    1.083852] HugeTLB registered 2 MB page size, pre-allocated 0 pages
[    1.087077] zbud: loaded
[    1.088350] VFS: Disk quotas dquot_6.6.0
[    1.089415] VFS: Dquot-cache hash table entries: 512 (order 0, 4096 bytes)
[    1.092159] squashfs: version 4.0 (2009/01/31) Phillip Lougher
[    1.093911] fuse init (API version 7.23)
[    1.095098] Key type big_key registered
[    1.096525] Allocating IMA MOK and blacklist keyrings.
[    1.100177] Key type asymmetric registered
[    1.101250] Asymmetric key parser 'x509' registered
[    1.102625] Block layer SCSI generic (bsg) driver version 0.4 loaded (major 249)
[    1.105204] io scheduler noop registered
[    1.106293] io scheduler deadline registered (default)
[    1.107584] io scheduler cfq registered
[    1.108840] pci_hotplug: PCI Hot Plug PCI Core version: 0.5
[    1.110148] pciehp: PCI Express Hot Plug Controller Driver version: 0.4
[    1.111793] ACPI: AC Adapter [AC] (on-line)
[    1.113078] input: Power Button as /devices/LNXSYSTM:00/LNXPWRBN:00/input/input0
[    1.115676] ACPI: Power Button [PWRF]
[    1.116860] input: Sleep Button as /devices/LNXSYSTM:00/LNXSLPBN:00/input/input1
[    1.118867] ACPI: Sleep Button [SLPF]
[    1.120437] GHES: HEST is not enabled!
[    1.121432] ACPI: Battery Slot [BAT0] (battery present)
[    1.123148] Serial: 8250/16550 driver, 32 ports, IRQ sharing enabled
[    1.145543] 00:02: ttyS0 at I/O 0x3f8 (irq = 4, base_baud = 115200) is a 16550A
[    1.152094] Linux agpgart interface v0.103
[    1.155284] loop: module loaded
[    1.156842] scsi host0: ata_piix
[    1.157915] scsi host1: ata_piix
[    1.158871] ata1: PATA max UDMA/33 cmd 0x1f0 ctl 0x3f6 bmdma 0xd000 irq 14
[    1.160489] ata2: PATA max UDMA/33 cmd 0x170 ctl 0x376 bmdma 0xd008 irq 15
[    1.162209] libphy: Fixed MDIO Bus: probed
[    1.163699] tun: Universal TUN/TAP device driver, 1.6
[    1.165497] tun: (C) 1999-2004 Max Krasnyansky <maxk@qualcomm.com>
[    1.167076] PPP generic driver version 2.4.2
[    1.168328] ehci_hcd: USB 2.0 'Enhanced' Host Controller (EHCI) Driver
[    1.169871] ehci-pci: EHCI PCI platform driver
[    1.171177] ehci-platform: EHCI generic platform driver
[    1.172935] ohci_hcd: USB 1.1 'Open' Host Controller (OHCI) Driver
[    1.174366] ohci-pci: OHCI PCI platform driver
[    1.175509] ohci-platform: OHCI generic platform driver
[    1.176837] uhci_hcd: USB Universal Host Controller Interface driver
[    1.178367] i8042: PNP: PS/2 Controller [PNP0303:PS2K,PNP0f03:PS2M] at 0x60,0x64 irq 1,12
[    1.181006] serio: i8042 KBD port at 0x60,0x64 irq 1
[    1.182645] serio: i8042 AUX port at 0x60,0x64 irq 12
[    1.184508] mousedev: PS/2 mouse device common for all mice
[    1.186411] input: AT Translated Set 2 keyboard as /devices/platform/i8042/serio0/input/input2
[    1.190074] rtc_cmos rtc_cmos: rtc core: registered rtc_cmos as rtc0
[    1.191726] rtc_cmos rtc_cmos: alarms up to one day, 114 bytes nvram
[    1.193492] i2c /dev entries driver
[    1.194752] device-mapper: uevent: version 1.0.3
[    1.196192] device-mapper: ioctl: 4.34.0-ioctl (2015-10-28) initialised: dm-devel@redhat.com
[    1.198943] ledtrig-cpu: registered to indicate activity on CPUs
[    1.201139] NET: Registered protocol family 10
[    1.202747] NET: Registered protocol family 17
[    1.203999] Key type dns_resolver registered
[    1.205791] registered taskstats version 1
[    1.208432] Loading compiled-in X.509 certificates
[    1.210404] Loaded X.509 cert 'Build time autogenerated kernel key: 3e01e6df98386236d59670e6b2ed19a044d5324e'
[    1.213227] zswap: loaded using pool lzo/zbud
[    1.216957] Key type trusted registered
[    1.221327] Key type encrypted registered
[    1.222501] AppArmor: AppArmor sha1 policy hashing enabled
[    1.224227] ima: No TPM chip found, activating TPM-bypass!
[    1.225765] ima: Allocated hash algorithm: sha1
[    1.227041] evm: HMAC attrs: 0x1
[    1.228444]   Magic number: 11:694:427
[    1.229552] rtc_cmos rtc_cmos: setting system clock to 2019-07-30 10:26:42 UTC (1564482402)
[    1.231855] BIOS EDD facility v0.16 2004-Jun-25, 0 devices found
[    1.233359] EDD information not available.
[    1.321224] Freeing unused kernel memory: 1484K
[    1.322671] Write protecting the kernel read-only data: 14336k
[    1.324931] Freeing unused kernel memory: 1612K
[    1.326734] Freeing unused kernel memory: 64K
Loading, please wait...
starting version 229
[    1.348268] random: systemd-udevd: uninitialized urandom read (16 bytes read, 3 bits of entropy available)
[    1.348901] random: udevadm: uninitialized urandom read (16 bytes read, 3 bits of entropy available)
[    1.348935] random: udevadm: uninitialized urandom read (16 bytes read, 3 bits of entropy available)
[    1.360552] random: systemd-udevd: uninitialized urandom read (16 bytes read, 3 bits of entropy available)
[    1.362450] random: udevadm: uninitialized urandom read (16 bytes read, 3 bits of entropy available)
[    1.362506] random: udevadm: uninitialized urandom read (16 bytes read, 3 bits of entropy available)
[    1.362717] random: udevadm: uninitialized urandom read (16 bytes read, 3 bits of entropy available)
[    1.362812] random: udevadm: uninitialized urandom read (16 bytes read, 3 bits of entropy available)
[    1.362887] random: udevadm: uninitialized urandom read (16 bytes read, 3 bits of entropy available)
[    1.362955] random: udevadm: uninitialized urandom read (16 bytes read, 3 bits of entropy available)
[    1.429381] e1000: Intel(R) PRO/1000 Network Driver - version 7.3.21-k8-NAPI
[    1.431582] e1000: Copyright (c) 1999-2006 Intel Corporation.
[    1.436018] Fusion MPT base driver 3.04.20
[    1.437429] Copyright (c) 1999-2008 LSI Corporation
[    1.489885] AVX2 version of gcm_enc/dec engaged.
[    1.491471] AES CTR mode by8 optimization enabled
[    1.493623] Fusion MPT SPI Host driver 3.04.20
[    1.663431] input: ImExPS/2 Generic Explorer Mouse as /devices/platform/i8042/serio1/input/input4
[    1.854853] e1000 0000:00:03.0 eth0: (PCI:33MHz:32-bit) 02:c2:66:bb:16:6d
[    1.856736] e1000 0000:00:03.0 eth0: Intel(R) PRO/1000 Network Connection
[    2.284610] e1000 0000:00:08.0 eth1: (PCI:33MHz:32-bit) 08:00:27:47:57:06
[    2.286776] e1000 0000:00:08.0 eth1: Intel(R) PRO/1000 Network Connection
[    2.290240] mptbase: ioc0: Initiating bringup
[    2.292831] e1000 0000:00:03.0 enp0s3: renamed from eth0
[    2.308413] e1000 0000:00:08.0 enp0s8: renamed from eth1
[    2.356963] ioc0: LSI53C1030 A0: Capabilities={Initiator}
[    2.517955] scsi host2: ioc0: LSI53C1030 A0, FwRev=00000000h, Ports=1, MaxQ=256, IRQ=20
[    2.632406] scsi 2:0:0:0: Direct-Access     VBOX     HARDDISK         1.0  PQ: 0 ANSI: 5
[    2.634663] scsi target2:0:0: Beginning Domain Validation
[    2.638599] scsi target2:0:0: Domain Validation skipping write tests
[    2.640229] scsi target2:0:0: Ending Domain Validation
[    2.641820] scsi target2:0:0: asynchronous
[    2.644252] scsi 2:0:1:0: Direct-Access     VBOX     HARDDISK         1.0  PQ: 0 ANSI: 5
[    2.646480] scsi target2:0:1: Beginning Domain Validation
[    2.650884] scsi target2:0:1: Domain Validation skipping write tests
[    2.652715] scsi target2:0:1: Ending Domain Validation
[    2.669971] scsi target2:0:1: asynchronous
[    2.678947] sd 2:0:0:0: Attached scsi generic sg0 type 0
[    2.680534] sd 2:0:0:0: [sda] 20971520 512-byte logical blocks: (10.7 GB/10.0 GiB)
[    2.683056] sd 2:0:1:0: [sdb] 20480 512-byte logical blocks: (10.5 MB/10.0 MiB)
[    2.683383] sd 2:0:1:0: Attached scsi generic sg1 type 0
[    2.687251] sd 2:0:1:0: [sdb] Write Protect is off
[    2.687313] sd 2:0:0:0: [sda] Write Protect is off
[    2.690922] sd 2:0:0:0: [sda] Incomplete mode parameter data
[    2.691051] sd 2:0:1:0: [sdb] Incomplete mode parameter data
[    2.691053] sd 2:0:1:0: [sdb] Assuming drive cache: write through
[    2.693677] sd 2:0:1:0: [sdb] Attached SCSI disk
[    2.697311] sd 2:0:0:0: [sda] Assuming drive cache: write through
[    2.701374]  sda: sda1
[    2.703963] sd 2:0:0:0: [sda] Attached SCSI disk
Begin: Loading essential drivers ... [    4.253208] md: linear personality registered for level -1
[    4.258050] md: multipath personality registered for level -4
[    4.262582] md: raid0 personality registered for level 0
[    4.268884] md: raid1 personality registered for level 1
[    4.340229] raid6: sse2x1   gen()  7919 MB/s
[    4.408048] raid6: sse2x1   xor()  7583 MB/s
[    4.475949] raid6: sse2x2   gen() 12173 MB/s
[    4.544645] raid6: sse2x2   xor()  7895 MB/s
[    4.611995] raid6: sse2x4   gen() 12974 MB/s
[    4.680012] raid6: sse2x4   xor()  8610 MB/s
[    4.748217] raid6: avx2x1   gen() 16054 MB/s
[    4.815983] raid6: avx2x2   gen() 19166 MB/s
[    4.883959] raid6: avx2x4   gen() 23676 MB/s
[    4.885083] raid6: using algorithm avx2x4 gen() 23676 MB/s
[    4.886500] raid6: using avx2x2 recovery algorithm
[    4.888987] xor: automatically using best checksumming function:
[    4.928210]    avx       : 23018.000 MB/sec
[    4.930615] async_tx: api initialized (async)
[    4.944591] md: raid6 personality registered for level 6
[    4.946282] md: raid5 personality registered for level 5
[    4.948139] md: raid4 personality registered for level 4
[    4.956927] md: raid10 personality registered for level 10
done.
Begin: Running /scripts/init-premount ... done.
Begin: Mounting root file system ... Begin: Running /scripts/local-top ... done.
Begin: Running /scripts/local-premount ... [    4.996146] Btrfs loaded
Scanning for Btrfs filesystems
done.
Warning: fsck not present, so skipping root file system
[    5.032025] EXT4-fs (sda1): mounted filesystem with ordered data mode. Opts: (null)
done.
Begin: Running /scripts/local-bottom ... done.
Begin: Running /scripts/init-bottom ... done.
[    5.147868] systemd[1]: systemd 229 running in system mode. (+PAM +AUDIT +SELINUX +IMA +APPARMOR +SMACK +SYSVINIT +UTMP +LIBCRYPTSETUP +GCRYPT +GNUTLS +ACL +XZ -LZ4 +SECCOMP +BLKID +ELFUTILS +KMOD -IDN)
[    5.152241] systemd[1]: Detected virtualization oracle.
[    5.153566] systemd[1]: Detected architecture x86-64.

Welcome to [1mUbuntu 16.04.6 LTS[0m!

[    5.157949] systemd[1]: Set hostname to <ubuntu>.
[    5.161460] systemd[1]: Initializing machine ID from random generator.
[    5.163034] systemd[1]: Installed transient /etc/machine-id file.
[    5.307773] systemd[1]: Started Trigger resolvconf update for networkd DNS.
[[0;32m  OK  [0m] Started Trigger resolvconf update for networkd DNS.
[    5.310780] systemd[1]: Started Forward Password Requests to Wall Directory Watch.
[[0;32m  OK  [0m] Started Forward Password Requests to Wall Directory Watch.
[    5.314617] systemd[1]: Listening on Syslog Socket.
[[0;32m  OK  [0m] Listening on Syslog Socket.
[    5.325084] systemd[1]: Listening on /dev/initctl Compatibility Named Pipe.
[[0;32m  OK  [0m] Listening on /dev/initctl Compatibility Named Pipe.
[    5.328398] systemd[1]: Created slice User and Session Slice.
[[0;32m  OK  [0m] Created slice User and Session Slice.
[    5.331200] systemd[1]: Set up automount Arbitrary Executable File Formats File System Automount Point.
[[0;32m  OK  [0m] Set up automount Arbitrary Executab...ats File System Automount Point.
[    5.340428] systemd[1]: Reached target Swap.
[[0;32m  OK  [0m] Reached target Swap.
[    5.342383] systemd[1]: Listening on Journal Socket.
[[0;32m  OK  [0m] Listening on Journal Socket.
[    5.344759] systemd[1]: Reached target Encrypted Volumes.
[[0;32m  OK  [0m] Reached target Encrypted Volumes.
[    5.352245] systemd[1]: Listening on LVM2 poll daemon socket.
[[0;32m  OK  [0m] Listening on LVM2 poll daemon socket.
[    5.355645] systemd[1]: Listening on Journal Socket (/dev/log).
[[0;32m  OK  [0m] Listening on Journal Socket (/dev/log).
[    5.364834] systemd[1]: Listening on udev Control Socket.
[[0;32m  OK  [0m] Listening on udev Control Socket.
[    5.368233] systemd[1]: Listening on LVM2 metadata daemon socket.
[[0;32m  OK  [0m] Listening on LVM2 metadata daemon socket.
[    5.371811] systemd[1]: Listening on Device-mapper event daemon FIFOs.
[[0;32m  OK  [0m] Listening on Device-mapper event daemon FIFOs.
[    5.375085] systemd[1]: Reached target System Time Synchronized.
[[0;32m  OK  [0m] Reached target System Time Synchronized.
[    5.384383] systemd[1]: Reached target User and Group Name Lookups.
[[0;32m  OK  [0m] Reached target User and Group Name Lookups.
[    5.387969] systemd[1]: Listening on Journal Audit Socket.
[[0;32m  OK  [0m] Listening on Journal Audit Socket.
[    5.391748] systemd[1]: Created slice System Slice.
[[0;32m  OK  [0m] Created slice System Slice.
[    5.404825] systemd[1]: Starting Nameserver information manager...
         Starting Nameserver information manager...
[    5.410376] systemd[1]: Starting Remount Root and Kernel File Systems...
         Starting Remount Root and Kernel File Systems...
[    5.415866] systemd[1]: Starting Uncomplicated firewall...
         Starting Uncomplicated firewall...
[    5.420201] EXT4-fs (sda1): re-mounted. Opts: (null)
[    5.420532] systemd[1]: Starting Set console keymap...
         Starting Set console keymap...
[    5.440484] systemd[1]: Starting Load Kernel Modules...
         Starting Load Kernel Modules...
[    5.444149] systemd[1]: Created slice system-serial\x2dgetty.slice.
[[0;32m  OK  [0m] Created slice system-serial\x2dgetty.slice.
[    5.448741] systemd[1]: Starting Journal Service...
         Starting Journal Service...
[    5.452634] systemd[1]: Mounting Debug File System...
[    5.458744] Loading iSCSI transport class v2.0-870.
         Mounting Debug File System...
[    5.462349] systemd[1]: Mounting POSIX Message Queue File System...
         Mounting POSIX Message Queue File System...
[    5.465906] systemd[1]: Mounting Huge Pages File System...
         Mounting Huge Pages File System...
[    5.477790] iscsi: registered transport (tcp)
[    5.492707] systemd[1]: Starting Create list of required static device nodes for the current kernel...
         Starting Create list of required st... nodes for the current kernel...
[    5.501409] systemd[1]: Starting Monitoring of LVM2 mirrors, snapshots etc. using dmeventd or progress polling...
         Starting Monitoring of LVM2 mirrors... dmeventd or progress polling...
[    5.508161] systemd[1]: Reached target Slices.
[[0;32m  OK  [0m] Reached target Slices.
[    5.511159] systemd[1]: Listening on udev Kernel Socket.
[[0;32m  OK  [0m] Listening on udev Kernel Socket.
[    5.528214] systemd[1]: Mounted Huge Pages File System.
[[0;32m  OK  [0m] Mounted Huge Pages File System.
[    5.532595] systemd[1]: Mounted Debug File System.
[[0;32m  OK  [0m] Mounted Debug File System.
[    5.543579] iscsi: registered transport (iser)
[    5.548206] systemd[1]: Mounted POSIX Message Queue File System.
[[0;32m  OK  [0m] Mounted POSIX Message Queue File System.
[    5.551734] systemd[1]: Started Journal Service.
[[0;32m  OK  [0m] Started Journal Service.
[[0;32m  OK  [0m] Started Remount Root and Kernel File Systems.
[[0;32m  OK  [0m] Started Uncomplicated firewall.
[[0;32m  OK  [0m] Started Load Kernel Modules.
[[0;32m  OK  [0m] Started Set console keymap.
[[0;32m  OK  [0m] Started Create list of required sta...ce nodes for the current kernel.
[[0;32m  OK  [0m] Started Nameserver information manager.
[[0;32m  OK  [0m] Started LVM2 metadata daemon.
         Starting Create Static Device Nodes in /dev...
         Mounting FUSE Control File System...
         Starting Apply Kernel Variables...
         Starting udev Coldplug all Devices...
         Starting Load/Save Random Seed...
         Starting Flush Journal to Persistent Storage...
[[0;32m  OK  [0m] Mounted FUSE Control File System.
[[0;32m  OK  [0m] Started Apply Kernel Variables.
[[0;32m  OK  [0m] Started Load/Save Random Seed.
[[0;32m  OK  [0m] Started Create Static Device Nodes in /dev.
[[0;32m  OK  [0m] Started Flush Journal to Persistent Storage.
[[0;32m  OK  [0m] Started udev Coldplug all Devices.
         Starting udev Kernel Device Manager...
[[0;32m  OK  [0m] Started udev Kernel Device Manager.
[[0;32m  OK  [0m] Started Dispatch Password Requests to Console Directory Watch.
[[0;32m  OK  [0m] Started Monitoring of LVM2 mirrors,...ng dmeventd or progress polling.
[[0;32m  OK  [0m] Reached target Local File Systems (Pre).
[[0;32m  OK  [0m] Reached target Local File Systems.
         Starting Create Volatile Files and Directories...
         Starting Commit a transient machine-id on disk...
         Starting Initial cloud-init job (pre-networking)...
         Starting Tell Plymouth To Write Out Runtime Data...
         Starting LSB: AppArmor initialization...
         Starting Set console font and keymap...
[[0;32m  OK  [0m] Started Tell Plymouth To Write Out Runtime Data.
[[0;32m  OK  [0m] Started Create Volatile Files and Directories.
[[0;32m  OK  [0m] Started Commit a transient machine-id on disk.
[[0;32m  OK  [0m] Found device /dev/ttyS0.
         Starting Update UTMP about System Boot/Shutdown...
[[0;32m  OK  [0m] Started Update UTMP about System Boot/Shutdown.
[[0;32m  OK  [0m] Listening on Load/Save RF Kill Switch Status /dev/rfkill Watch.
[    8.082891] cloud-init[497]: Cloud-init v. 19.1-1-gbaa47854-0ubuntu1~16.04.1 running 'init-local' at Tue, 30 Jul 2019 10:26:48 +0000. Up 7.30 seconds.
[[0;32m  OK  [0m] Started Initial cloud-init job (pre-networking).
[[0;32m  OK  [0m] Reached target Network (Pre).
[[0;32m  OK  [0m] Started Set console font and keymap.
[[0;32m  OK  [0m] Created slice system-getty.slice.
[[0;32m  OK  [0m] Started LSB: AppArmor initialization.
         Starting Raise network interfaces...
[[0;32m  OK  [0m] Started Raise network interfaces.
         Starting Initial cloud-init job (metadata service crawler)...
[[0;32m  OK  [0m] Reached target Network.
[   10.366966] cloud-init[962]: Cloud-init v. 19.1-1-gbaa47854-0ubuntu1~16.04.1 running 'init' at Tue, 30 Jul 2019 10:26:51 +0000. Up 9.63 seconds.
[   10.369071] cloud-init[962]: ci-info: ++++++++++++++++++++++++++++++++++++++Net device info+++++++++++++++++++++++++++++++++++++++
[   10.371172] cloud-init[962]: ci-info: +--------+-------+----------------------------+---------------+--------+-------------------+
[   10.373735] cloud-init[962]: ci-info: | Device |   Up  |          Address           |      Mask     | Scope  |     Hw-Address    |
[   10.377235] cloud-init[962]: ci-info: +--------+-------+----------------------------+---------------+--------+-------------------+
[   10.380110] cloud-init[962]: ci-info: | enp0s3 |  True |         10.0.2.15          | 255.255.255.0 | global | 02:c2:66:bb:16:6d |
[   10.383159] cloud-init[962]: ci-info: | enp0s3 |  True | fe80::c2:66ff:febb:166d/64 |       .       |  link  | 02:c2:66:bb:16:6d |
[   10.385562] cloud-init[962]: ci-info: | enp0s8 | False |             .              |       .       |   .    | 08:00:27:47:57:06 |
[   10.390138] cloud-init[962]: ci-info: |   lo   |  True |         127.0.0.1          |   255.0.0.0   |  host  |         .         |
[   10.391606] cloud-init[962]: ci-info: |   lo   |  True |          ::1/128           |       .       |  host  |         .         |
[   10.394358] cloud-init[962]: ci-info: +--------+-------+----------------------------+---------------+--------+-------------------+
[   10.397044] cloud-init[962]: ci-info: +++++++++++++++++++++++++++Route IPv4 info++++++++++++++++++++++++++++
[   10.401009] cloud-init[962]: ci-info: +-------+-------------+----------+---------------+-----------+-------+
[   10.402567] cloud-init[962]: ci-info: | Route | Destination | Gateway  |    Genmask    | Interface | Flags |
[   10.408720] cloud-init[962]: ci-info: +-------+-------------+----------+---------------+-----------+-------+
[   10.411116] cloud-init[962]: ci-info: |   0   |   0.0.0.0   | 10.0.2.2 |    0.0.0.0    |   enp0s3  |   UG  |
[   10.414600] cloud-init[962]: ci-info: |   1   |   10.0.2.0  | 0.0.0.0  | 255.255.255.0 |   enp0s3  |   U   |
[   10.415957] cloud-init[962]: ci-info: +-------+-------------+----------+---------------+-----------+-------+
[   10.417458] cloud-init[962]: ci-info: +++++++++++++++++++Route IPv6 info+++++++++++++++++++
[   10.424540] cloud-init[962]: ci-info: +-------+-------------+---------+-----------+-------+[[0;32m  OK  [0m] Started Initial cloud-init job (metadata service crawler).

[   10.427516] [[0;32m  OK  [0m] Reached target System Initialization.
[[0;32m  OK  [0m] Listening on D-Bus System Message Bus Socket.
         Starting Socket activation for snappy daemon.
[[0;32m  OK  [0m] Listening on ACPID Listen Socket.
cloud-init[962]: ci-info: | Route | Destination | Gateway | Interface | Flags |[[0;32m  OK  [0m] Started ACPI Events Check.
[[0;32m  OK  [0m] Reached target Paths.
[[0;32m  OK  [0m] Listening on UUID daemon activation socket.
[[0;32m  OK  [0m] Started Daily Cleanup of Temporary Directories.
[[0;32m  OK  [0m] Started Daily apt download activities.
[[0;32m  OK  [0m] Started Daily apt upgrade and clean activities.
[[0;32m  OK  [0m] Reached target Timers.

[   10.445194]          Starting LXD - unix socket.
[[0;32m  OK  [0m] Reached target Cloud-config availability.
[[0;32m  OK  [0m] Reached target Network is Online.
cloud-init[962]: ci-info: +-------+-------------+---------+-----------+-------+
[   10.456260] cloud-init[962]: ci-info: |   0   |  fe80::/64  |    ::   |   enp0s3  |   U   |
[   10.465017]          Starting iSCSI initiator daemon (iscsid)...
cloud-init[962]: ci-info: |   3   |   ff00::/8  |    ::   |   enp0s3  |   U   |
[[0;32m  OK  [0m] Listening on Socket activation for snappy daemon.
[[0;32m  OK  [0m] Listening on LXD - unix socket.
[   10.467271] cloud-init[962]: ci-info: +-------+-------------+---------+-----------+-------+
[   10.472562] cloud-init[962]: Generating public/private rsa key pair.
[   10.474233] cloud-init[962]: Your identification has been saved in /etc/ssh/ssh_host_rsa_key.
[   10.475966] cloud-init[962]: Your public key has been saved in /etc/ssh/ssh_host_rsa_key.pub.
[[0;32m  OK  [0m] Reached target Sockets.
[   10.478128] [[0;32m  OK  [0m] Reached target Basic System.
cloud-init[962]: The key fingerprint is:
[[0;32m  OK  [0m] Started ACPI event daemon.
         Starting Virtualbox guest utils...
[[0;32m  OK  [0m] Started Deferred execution scheduler.
         Starting Accounts Service...
         Starting LXD - container startup/shutdown...
[   10.480761] cloud-init[962]: [[0;32m  OK  [0m] Started Regular background program processing daemon.
SHA256:TVirk05mhvpiCGTT3k0XYHTaRUe3EN1ewCvZ7OUHOq4 root@ubuntu-xenial         Starting LSB: Record successful boot for GRUB...
[[0;32m  OK  [0m] Started D-Bus System Message Bus.

[   10.502263] cloud-init[962]: The key's randomart image is:
[   10.506070] cloud-init[962]: +---[RSA 2048]----+
[   10.512771] cloud-init[962]: |      .+..oo.*+o.|
[   10.516206] cloud-init[962]: |      . ++... +.+|
[   10.517627] cloud-init[962]: |  .    ...+  + +.|
[   10.519629] cloud-init[962]: | + .   o *  o = o|
[   10.521288] cloud-init[962]: |o o . + S .  + + |
[   10.522967] cloud-init[962]: |.  . o B .  o . o|
[   10.524004] cloud-init[962]: | . ..   .  . .  .|
[   10.525796] cloud-init[962]: |  . o.      .    |
[   10.527404] cloud-init[962]: |   . ..   E.     |
[   10.529165] cloud-init[962]: +----[SHA256]-----+
[   10.530902] cloud-init[962]: Generating public/private dsa key pair.
[   10.533205] cloud-init[962]: Your identification has been saved in /etc/ssh/ssh_host_dsa_key.
[   10.536568] cloud-init[962]: Your public key has been saved in /etc/ssh/ssh_host_dsa_key.pub.
[   10.539696] cloud-init[962]: The key fingerprint is:
[   10.542005] cloud-init[962]: SHA256:n+ZrzCKAcQw1yxbOgkHP1LYZLB9ZO9fs4+YBm1chAAc root@ubuntu-xenial
[   10.544989] cloud-init[962]: The key's randomart image is:
[   10.547027] cloud-init[962]: +---[DSA 1024]----+
[   10.549448] cloud-init[962]: |o. o* oEoo       |
[   10.551499] cloud-init[962]: | o== @  o +      |
[   10.553140] cloud-init[962]: |. .=X =o . + .   |
[   10.554946] cloud-init[962]: |  .oo+  o . . .  |
[   10.556570] cloud-init[962]: |   +    S. o .   |
[   10.558693] cloud-init[962]: |  . .    .=.o    |
[   10.560834] cloud-init[962]: |     .   =+=     |
[   10.562614] cloud-init[962]: |      . .oB .    |
[   10.564572] cloud-init[962]: |       . ooo     |
[   10.566378] cloud-init[962]: +----[SHA256]-----+
[   10.569605] cloud-init[962]: Generating public/private ecdsa key pair.
[   10.571603] cloud-init[962]: Your identification has been saved in /etc/ssh/ssh_host_ecdsa_key.
[   10.574076] cloud-init[962]: Your public key has been saved in /etc/ssh/ssh_host_ecdsa_key.pub.         Starting LSB: MD monitoring daemon...
         Starting Pollinate to seed the pseudo random number generator...
[[0;32m  OK  [0m] Started FUSE filesystem for LXC.
         Starting /etc/rc.local Compatibility...
         Starting Login Service...
         Starting System Logging Service...

[   10.586460] cloud-init[962]: The key fingerprint is:         Starting Snappy daemon...

[   10.598691] cloud-init[962]: [[0;32m  OK  [0m] Started /etc/rc.local Compatibility.
SHA256:aq8s6d6o7YLA8Rl8Ns3vQmPaZzkTVqi8pgnhoBsHO2w root@ubuntu-xenial[[0;32m  OK  [0m] Started iSCSI initiator daemon (iscsid).

[   10.626324] cloud-init[962]: [[0;32m  OK  [0m] Started System Logging Service.
The key's randomart image is:
[   10.632667] cloud-init[962]: +---[ECDSA 256]---+
[   10.637591] cloud-init[962]: |                 |
[   10.640167] cloud-init[962]: |                 |
[   10.653351] cloud-init[962]: |  .   o   .      |
[   10.657583] cloud-init[962]: | . o + o . .     |
[   10.664457] cloud-init[962]: |o.o.= o S .      |
[   10.675313] cloud-init[962]: |++oo.  B +       |
[   10.682210] cloud-init[962]: |*E.o .B = o      |
[   10.684117] cloud-init[962]: |o=..+*.* B       |
[   10.686322] cloud-init[962]: |. .**+*.= o      |
[   10.695455] cloud-init[962]: +----[SHA256]-----+
[   10.715031] cloud-init[962]: Generating public/private ed25519 key pair.
[   10.717132] cloud-init[962]: Your identification has been saved in /etc/ssh/ssh_host_ed25519_key.
[   10.722182] cloud-init[962]: Your public key has been saved in /etc/ssh/ssh_host_ed25519_key.pub.
[   10.727792] cloud-init[962]: The key fingerprint is:
[   10.744149] cloud-init[962]: SHA256:yowLV42lWQSkJGbUksBts33lHZg7AXYYF3yVt15rDbQ root@ubuntu-xenial
[   10.764261] cloud-init[962]: The key's randomart image is:
[   10.766475] cloud-init[962]: +--[ED25519 256]--+
[   10.767954] cloud-init[962]: |oo*o..o=*++ ...  |
[   10.770439] cloud-init[962]: | +o*...oo* o ... |
[   10.786375] cloud-init[962]: |  ..=   = = .....|
[   10.788231] cloud-init[962]: |   . . O + .  E..|
[   10.790571] cloud-init[962]: |      * S .   ..+|
[   10.794127] cloud-init[962]: |     = .       +.|
[[0;32m  OK  [0m[   10.795999] cloud-init[962]: |  . o +       .  |
[   10.796769] cloud-init[962]: |   o .           |
[   10.797434] cloud-init[962]: |    .            |
] Started LSB: Record successful boot for GRUB.
[   10.797711] cloud-init[962]: +----[SHA256]-----+
[[0;32m  OK  [0m] Started Login Service.
[[0;32m  OK  [0m] Started Unattended Upgrades Shutdown.
         Starting Authenticate and Authorize Users to Run Privileged Tasks...
         Starting Login to default iSCSI targets...
[[0;32m  OK  [0m] Started LXD - container startup/shutdown.
[[0;32m  OK  [0m] Started LSB: MD monitoring daemon.
[[0;32m  OK  [0m] Started Authenticate and Authorize Users to Run Privileged Tasks.
[[0;32m  OK  [0m] Started Accounts Service.
[[0;32m  OK  [0m] Started Virtualbox guest utils.
[[0;32m  OK  [0m] Started Login to default iSCSI targets.
[[0;32m  OK  [0m] Reached target Remote File Systems (Pre).
[[0;32m  OK  [0m] Reached target Remote File Systems.
         Starting LSB: automatic crash report generation...
         Starting LSB: Set the CPU Frequency Scaling governor to "ondemand"...
         Starting Permit User Sessions...
         Starting LSB: daemon to balance interrupts for SMP systems...
[[0;32m  OK  [0m] Started Permit User Sessions.
         Starting Hold until boot process finishes up...
         Starting Terminate Plymouth Boot Screen...
[[0;32m  OK  [0m] Started LSB: automatic crash report generation.
[[0;32m  OK  [0m] Started LSB: Set the CPU Frequency Scaling governor to "ondemand".
[[0;32m  OK  [0m] Started LSB: daemon to balance interrupts for SMP systems.
[[0;32m  OK  [0m] Started Hold until boot process finishes up.
[[0;32m  OK  [0m] Started Terminate Plymouth Boot Screen.
[[0;32m  OK  [0m] Started Getty on tty1.
[[0;32m  OK  [0m] Started Serial Getty on ttyS0.
[[0;32m  OK  [0m] Reached target Login Prompts.
         Starting Set console scheme...
[[0;32m  OK  [0m] Started Set console scheme.
[[0;32m  OK  [0m] Started Pollinate to seed the pseudo random number generator.
         Starting OpenBSD Secure Shell server...
[[0;32m  OK  [0m] Started Snappy daemon.
         Starting Wait until snapd is fully seeded...
[[0;32m  OK  [0m] Started OpenBSD Secure Shell server.
[[0;32m  OK  [0m] Created slice User Slice of vagrant.
         Starting User Manager for UID 1000...
[[0;32m  OK  [0m] Started Session 1 of user vagrant.
[[0;32m  OK  [0m] Started User Manager for UID 1000.
[[0;32m  OK  [0m] Started Wait until snapd is fully seeded.
         Starting Apply the settings specified in cloud-config...
[[0;32m  OK  [0m] Reached target Multi-User System.
[[0;32m  OK  [0m] Reached target Graphical Interface.
         Starting Update UTMP about System Runlevel Changes...
[[0;32m  OK  [0m] Started Update UTMP about System Runlevel Changes.
[   13.417684] cloud-init[1343]: Generating locales (this might take a while)...
[   14.999553] cloud-init[1343]:   en_US.UTF-8... done
[   15.001216] cloud-init[1343]: Generation complete.
[   15.410973] cloud-init[1343]: Cloud-init v. 19.1-1-gbaa47854-0ubuntu1~16.04.1 running 'modules:config' at Tue, 30 Jul 2019 10:26:54 +0000. Up 13.15 seconds.
[[0;32m  OK  [0m] Started Apply the settings specified in cloud-config.
         Starting Execute cloud user/final scripts...
ci-info: no authorized ssh keys fingerprints found for user ubuntu.
<14>Jul 30 10:26:57 ec2: 
<14>Jul 30 10:26:57 ec2: #############################################################
<14>Jul 30 10:26:57 ec2: -----BEGIN SSH HOST KEY FINGERPRINTS-----
<14>Jul 30 10:26:57 ec2: 1024 SHA256:n+ZrzCKAcQw1yxbOgkHP1LYZLB9ZO9fs4+YBm1chAAc root@ubuntu-xenial (DSA)
<14>Jul 30 10:26:57 ec2: 256 SHA256:aq8s6d6o7YLA8Rl8Ns3vQmPaZzkTVqi8pgnhoBsHO2w root@ubuntu-xenial (ECDSA)
<14>Jul 30 10:26:57 ec2: 256 SHA256:yowLV42lWQSkJGbUksBts33lHZg7AXYYF3yVt15rDbQ root@ubuntu-xenial (ED25519)
<14>Jul 30 10:26:57 ec2: 2048 SHA256:TVirk05mhvpiCGTT3k0XYHTaRUe3EN1ewCvZ7OUHOq4 root@ubuntu-xenial (RSA)
<14>Jul 30 10:26:57 ec2: -----END SSH HOST KEY FINGERPRINTS-----
<14>Jul 30 10:26:57 ec2: #############################################################
-----BEGIN SSH HOST KEY KEYS-----
ecdsa-sha2-nistp256 AAAAE2VjZHNhLXNoYTItbmlzdHAyNTYAAAAIbmlzdHAyNTYAAABBBI7KJ71XUEXRyGqowHz9zvi9TRtKBfCdefxJ5/WIAr5ctY4tjZRg++IRH1N17cR1w0owjdLqd7EsojZ8upb+E4w= root@ubuntu-xenial
ssh-ed25519 AAAAC3NzaC1lZDI1NTE5AAAAILxPDRRbQaVM6e3i+lQktiDhQHyT6702Xw0QJWJqYWeB root@ubuntu-xenial
ssh-rsa AAAAB3NzaC1yc2EAAAADAQABAAABAQCuDdI7wkIPKTvSpHdr+1rtgr5s8bx5fSM1q26cBScTj/b5LMa7YEXIwrHVux/4Gbd0vjDED9Mo0IRCRPF00La7oPdbTfDZ1M8KQcZaqe11hmIPvNqv33/KwFmjV3/BCtgO9QecEI6T+pXTlIIy2I4RbjT+iiauVDvsT+rARbgv6Ye5A0VcmJ2/Z4hfO4+7cAQCa3mi0gGz/uyUBTKZ5nZTS9l9DvKVCRyp7+INgy3Ooda4sEddR14m9+63+wlwPUu4ozxhH4hK9DzzZZQnoFjXbtxo/zRDrcQck9jzIlQMunlYvJmQs36B6jy0r81sYg87AqDa+6GMnRaKzmC16eON root@ubuntu-xenial
-----END SSH HOST KEY KEYS-----
[   16.404829] cloud-init[1544]: Cloud-init v. 19.1-1-gbaa47854-0ubuntu1~16.04.1 running 'modules:final' at Tue, 30 Jul 2019 10:26:57 +0000. Up 16.09 seconds.
[   16.408936] cloud-init[1544]: ci-info: no authorized ssh keys fingerprints found for user ubuntu.
[   16.411020] cloud-init[1544]: Cloud-init v. 19.1-1-gbaa47854-0ubuntu1~16.04.1 finished at Tue, 30 Jul 2019 10:26:58 +0000. Datasource DataSourceNoCloud [seed=/dev/sdb][dsmode=net].  Up 16.38 seconds

Ubuntu 16.04.6 LTS ubuntu-xenial ttyS0

ubuntu-xenial login: 